<?xml version="1.0" encoding="UTF-8"?>
<testng-results skipped="0" failed="0" total="1" passed="1">
  <reporter-output>
    <line>
      <![CDATA[Text Entered in textbox]]>
    </line>
    <line>
      <![CDATA[list item selected]]>
    </line>
  </reporter-output>
  <suite name="Default suite" duration-ms="72725" started-at="2018-09-08T18:40:27Z" finished-at="2018-09-08T18:41:40Z">
    <groups>
    </groups>
    <test name="Default test" duration-ms="72725" started-at="2018-09-08T18:40:27Z" finished-at="2018-09-08T18:41:40Z">
      <class name="com.csg.tau.TestProject.TestScript.test">
        <test-method status="PASS" signature="f1()[pri:0, instance:com.csg.tau.TestProject.TestScript.test@f5ac9e4]" name="f1" duration-ms="63248" started-at="2018-09-09T00:10:27Z" finished-at="2018-09-09T00:11:31Z">
          <reporter-output>
            <line>
              <![CDATA[Text Entered in textbox]]>
            </line>
            <line>
              <![CDATA[list item selected]]>
            </line>
          </reporter-output>
        </test-method> <!-- f1 -->
      </class> <!-- com.csg.tau.TestProject.TestScript.test -->
    </test> <!-- Default test -->
  </suite> <!-- Default suite -->
</testng-results>
